<?xml version="1.0" encoding="UTF-8"?>
<!-- Generated by org.testng.reporters.JUnitReportReporter -->
<testsuite skipped="0" hostname="Shivanis-MacBook-Air.local" name="Appium.Android.Toast" tests="1" failures="0" timestamp="30 Oct 2019 21:38:28 GMT" time="27.497" errors="0">
  <testcase name="validateToast" time="27.497" classname="Appium.Android.Toast"/>
</testsuite> <!-- Appium.Android.Toast -->
