<?xml version="1.0" encoding="UTF-8"?>
<!-- Generated by org.testng.reporters.JUnitReportReporter -->
<testsuite skipped="0" hostname="Shivanis-MacBook-Air.local" name="Appium.Android.validateTotal" tests="1" failures="0" timestamp="30 Oct 2019 03:08:03 GMT" time="38.235" errors="0">
  <testcase name="validateTotal" time="38.235" classname="Appium.Android.validateTotal"/>
</testsuite> <!-- Appium.Android.validateTotal -->
