<?xml version="1.0" encoding="UTF-8"?>
<!-- Generated by org.testng.reporters.JUnitReportReporter -->
<testsuite skipped="0" hostname="Shivanis-MacBook-Air.local" name="Appium.Android.Login" tests="1" failures="0" timestamp="30 Oct 2019 21:38:33 GMT" time="28.468" errors="0">
  <testcase name="validateLogin" time="28.468" classname="Appium.Android.Login"/>
</testsuite> <!-- Appium.Android.Login -->
