<?xml version="1.0" encoding="UTF-8"?>
<!-- Generated by org.testng.reporters.JUnitReportReporter -->
<testsuite skipped="0" hostname="Shivanis-MacBook-Air.local" name="Appium.Android.validateLogin" tests="1" failures="0" timestamp="30 Oct 2019 03:06:15 GMT" time="23.638" errors="0">
  <testcase name="validateLogin" time="23.638" classname="Appium.Android.validateLogin"/>
</testsuite> <!-- Appium.Android.validateLogin -->
