<?xml version="1.0" encoding="UTF-8"?>
<!-- Generated by org.testng.reporters.JUnitReportReporter -->
<testsuite skipped="0" hostname="Shivanis-MacBook-Air.local" name="Appium.Android.validateToast" tests="1" failures="0" timestamp="30 Oct 2019 03:06:10 GMT" time="22.586" errors="0">
  <testcase name="validateToast" time="22.586" classname="Appium.Android.validateToast"/>
</testsuite> <!-- Appium.Android.validateToast -->
